<?xml version="1.0" encoding="UTF-8"?>
<testsuites name="Cloud_CCP" time="66" tests="0" failures="0" errors="0">
   <testsuite name="Cloud_CCP" tests="0" failures="0" errors="0" time="66" timestamp="2019-02-25 17:11:30" hostname="B7850678 - VDK-W732CDSK047.systems.private" id="Test Suites/Cloud_CCP">
      <properties>
         <property name="deviceName" value=""/>
         <property name="devicePlatform" value=""/>
         <property name="logFolder" value="C:\\Users\\B7850678\\Katalon Studio\\VM_Cloud_Automation\\Reports\\Cloud_CCP\\20190225_171122"/>
         <property name="logFiles" value="C:\\Users\\B7850678\\Katalon Studio\\VM_Cloud_Automation\\Reports\\Cloud_CCP\\20190225_171122\\execution0.log"/>
         <property name="attachments" value="C:\\Users\\B7850678\\Katalon Studio\\VM_Cloud_Automation\\Reports\\Cloud_CCP\\20190225_171122\\1551094952226.png"/>
         <property name="hostName" value="B7850678 - VDK-W732CDSK047.systems.private"/>
         <property name="os" value="Windows 7 32bit"/>
         <property name="katalonVersion" value="5.10.1.1"/>
         <property name="browser" value="Chrome 72.0.3626.109"/>
         <property name="hostAddress" value="10.92.27.50"/>
         <property name="sessionId" value="b156b617cc1c2d323e86af897b774c8e"/>
         <property name="seleniumVersion" value="3.7.1"/>
         <property name="proxyInformation" value="ProxyInformation{proxyOption=USE_SYSTEM, proxyServerType=HTTP, password=, proxyServerAddress=, proxyServerPort=0}"/>
         <property name="platform" value="Windows 7"/>
      </properties>
      <testcase name="Test Cases/CloudTestCases/CCP_Validations_MicrosoftOffice_Premium_21_23_24_26_27_28_29_30_32_33_34_35_36" classname="Test Cases/CloudTestCases/CCP_Validations_MicrosoftOffice_Premium_21_23_24_26_27_28_29_30_32_33_34_35_36" status="INCOMPLETE">
         <system-out><![CDATA[2019-02-25 17:11:30 - [TEST_CASE][INCOMPLETE] - Test Cases/CloudTestCases/CCP_Validations_MicrosoftOffice_Premium_21_23_24_26_27_28_29_30_32_33_34_35_36: null

2019-02-25 17:11:30 - [TEST_STEP][PASSED] - Start listener action : sampleBeforeTestCase: null

2019-02-25 17:11:30 - [TEST_STEP][PASSED] - println(testCaseContext.getTestCaseId()): null

2019-02-25 17:11:30 - [TEST_STEP][PASSED] - println(testCaseContext.getTestCaseVariables()): null

2019-02-25 17:11:30 - [TEST_STEP][PASSED] - currentTestCaseId = testCaseContext.getTestCaseId(): null

2019-02-25 17:11:31 - [TEST_STEP][PASSED] - cCP_Functionality.CCP_Login.CCPLogin(): cCP_Functionality.CCP_Login.CCPLogin is PASSED

2019-02-25 17:11:32 - [MESSAGE][INFO] - Starting 'Chrome' driver

2019-02-25 17:11:32 - [MESSAGE][INFO] - Action delay is set to 0 seconds

2019-02-25 17:11:36 - [MESSAGE][PASSED] - Browser is opened with url: ''

2019-02-25 17:11:41 - [MESSAGE][PASSED] - Delayed 5 second(s)

2019-02-25 17:11:42 - [MESSAGE][PASSED] - Navigate to 'https://cp.uk.poalab.upcbroadband.com/servlet/Turbine/frm/single/?reason=expired' successfully

2019-02-25 17:11:42 - [MESSAGE][PASSED] - Current window maximized

2019-02-25 17:11:43 - [MESSAGE][PASSED] - Object 'Object Repository/Rcp-login/Username' is clickable

2019-02-25 17:11:43 - [MESSAGE][PASSED] - Keys 'UAT_1000007029' sent to object: 'Object Repository/Rcp-login/Username'

2019-02-25 17:11:45 - [MESSAGE][PASSED] - Delayed 2 second(s)

2019-02-25 17:11:45 - [MESSAGE][PASSED] - Keys 'Automation@01' sent to object: 'Object Repository/Rcp-login/Password'

2019-02-25 17:11:46 - [MESSAGE][PASSED] - Delayed 1 second(s)

2019-02-25 17:11:49 - [MESSAGE][PASSED] - Object: 'Object Repository/Rcp-login/Loginbutton' is clicked on

2019-02-25 17:11:49 - [MESSAGE][PASSED] - cCP_Functionality.CCP_Login.CCPLogin is PASSED

2019-02-25 17:11:49 - [TEST_STEP][PASSED] - cCP_Functionality.Validations.HomePage_Validations(): cCP_Functionality.Validations.HomePage_Validations is PASSED

2019-02-25 17:11:49 - [MESSAGE][PASSED] - Object 'Object Repository/CCP_Portal/HomePage_Validations/HomePage_frame' is present

2019-02-25 17:11:49 - [MESSAGE][PASSED] - Current window's title is: 'Business Application portal'

2019-02-25 17:11:50 - [MESSAGE][PASSED] - Object 'Object Repository/CCP_Portal/HomePage_Validations/HomePage_GetstartedButton' is present

2019-02-25 17:11:50 - [MESSAGE][PASSED] - Text of object 'Object Repository/CCP_Portal/HomePage_Validations/HomePage_GetstartedButton' is: 'Get started'

2019-02-25 17:11:51 - [MESSAGE][PASSED] - Object 'Object Repository/CCP_Portal/HomePage_Validations/HomePage_GetstartedButton' is present

2019-02-25 17:11:51 - [MESSAGE][PASSED] - cCP_Functionality.Validations.HomePage_Validations is PASSED

2019-02-25 17:11:51 - [TEST_STEP][INCOMPLETE] - cCP_Functionality.Adding_UserLicense.Adding_MicrosoftUserLicense(): Delayed 4 second(s)

2019-02-25 17:12:01 - [MESSAGE][INFO] - Unable to find the element located by 'By.xpath: //*[contains(text(),'Office 365')]//parent::a//strong'. Please recheck the objects properties to make sure the desired element is located. 

2019-02-25 17:12:01 - [MESSAGE][WARNING] - Web element with id: 'Object Repository/CCP_Portal/HomePage_Validations/OfficeO365Product' located by 'By.xpath: //*[contains(text(),'Office 365')]//parent::a//strong' not found

2019-02-25 17:12:32 - [MESSAGE][INFO] - Unable to find the element located by 'By.xpath: //*[contains(text(),'Office 365')]//parent::a//strong'. Please recheck the objects properties to make sure the desired element is located. 

2019-02-25 17:12:32 - [MESSAGE][FAILED] - Unable to click on object 'Object Repository/CCP_Portal/HomePage_Validations/OfficeO365Product' (Root cause: com.kms.katalon.core.webui.exception.WebElementNotFoundException: Web element with id: 'Object Repository/CCP_Portal/HomePage_Validations/OfficeO365Product' located by 'By.xpath: //*[contains(text(),'Office 365')]//parent::a//strong' not found)
[[ATTACHMENT|C:\\Users\\B7850678\\Katalon Studio\\VM_Cloud_Automation\\Reports\\Cloud_CCP\\20190225_171122\\1551094952226.png]]

2019-02-25 17:12:36 - [MESSAGE][PASSED] - Delayed 4 second(s)]]></system-out>
         <system-err><![CDATA[2019-02-25 17:11:30 - [TEST_CASE][INCOMPLETE] - Test Cases/CloudTestCases/CCP_Validations_MicrosoftOffice_Premium_21_23_24_26_27_28_29_30_32_33_34_35_36: null]]></system-err>
      </testcase>
      <system-out><![CDATA[2019-02-25 17:11:30 - [TEST_SUITE][INCOMPLETE] - Cloud_CCP: null]]></system-out>
      <system-err><![CDATA[2019-02-25 17:11:30 - [TEST_SUITE][INCOMPLETE] - Cloud_CCP: null]]></system-err>
   </testsuite>
</testsuites>
